Determining if the pthread_create exist failed with the following output:
Change Dir: /home/mitto90/husky_ws/build/CMakeFiles/CMakeTmp

Run Build Command:"/usr/bin/make" "cmTC_96ed2/fast"
/usr/bin/make -f CMakeFiles/cmTC_96ed2.dir/build.make CMakeFiles/cmTC_96ed2.dir/build
make[1]: Entering directory '/home/mitto90/husky_ws/build/CMakeFiles/CMakeTmp'
Building C object CMakeFiles/cmTC_96ed2.dir/CheckSymbolExists.c.o
/usr/bin/cc    -o CMakeFiles/cmTC_96ed2.dir/CheckSymbolExists.c.o   -c /home/mitto90/husky_ws/build/CMakeFiles/CMakeTmp/CheckSymbolExists.c
Linking C executable cmTC_96ed2
/usr/bin/cmake -E cmake_link_script CMakeFiles/cmTC_96ed2.dir/link.txt --verbose=1
/usr/bin/cc      -rdynamic CMakeFiles/cmTC_96ed2.dir/CheckSymbolExists.c.o  -o cmTC_96ed2 
CMakeFiles/cmTC_96ed2.dir/CheckSymbolExists.c.o: In function `main':
CheckSymbolExists.c:(.text+0x1b): undefined reference to `pthread_create'
collect2: error: ld returned 1 exit status
CMakeFiles/cmTC_96ed2.dir/build.make:97: recipe for target 'cmTC_96ed2' failed
make[1]: *** [cmTC_96ed2] Error 1
make[1]: Leaving directory '/home/mitto90/husky_ws/build/CMakeFiles/CMakeTmp'
Makefile:126: recipe for target 'cmTC_96ed2/fast' failed
make: *** [cmTC_96ed2/fast] Error 2

File /home/mitto90/husky_ws/build/CMakeFiles/CMakeTmp/CheckSymbolExists.c:
/* */
#include <pthread.h>

int main(int argc, char** argv)
{
  (void)argv;
#ifndef pthread_create
  return ((int*)(&pthread_create))[argc];
#else
  (void)argc;
  return 0;
#endif
}

Determining if the function pthread_create exists in the pthreads failed with the following output:
Change Dir: /home/mitto90/husky_ws/build/CMakeFiles/CMakeTmp

Run Build Command:"/usr/bin/make" "cmTC_7f49d/fast"
/usr/bin/make -f CMakeFiles/cmTC_7f49d.dir/build.make CMakeFiles/cmTC_7f49d.dir/build
make[1]: Entering directory '/home/mitto90/husky_ws/build/CMakeFiles/CMakeTmp'
Building C object CMakeFiles/cmTC_7f49d.dir/CheckFunctionExists.c.o
/usr/bin/cc   -DCHECK_FUNCTION_EXISTS=pthread_create   -o CMakeFiles/cmTC_7f49d.dir/CheckFunctionExists.c.o   -c /usr/share/cmake-3.10/Modules/CheckFunctionExists.c
Linking C executable cmTC_7f49d
/usr/bin/cmake -E cmake_link_script CMakeFiles/cmTC_7f49d.dir/link.txt --verbose=1
/usr/bin/cc  -DCHECK_FUNCTION_EXISTS=pthread_create    -rdynamic CMakeFiles/cmTC_7f49d.dir/CheckFunctionExists.c.o  -o cmTC_7f49d -lpthreads 
/usr/bin/ld: cannot find -lpthreads
collect2: error: ld returned 1 exit status
CMakeFiles/cmTC_7f49d.dir/build.make:97: recipe for target 'cmTC_7f49d' failed
make[1]: *** [cmTC_7f49d] Error 1
make[1]: Leaving directory '/home/mitto90/husky_ws/build/CMakeFiles/CMakeTmp'
Makefile:126: recipe for target 'cmTC_7f49d/fast' failed
make: *** [cmTC_7f49d/fast] Error 2


